[2026-03-12] #0001  Improved variable naming  // feat: adiciona exercicios de logica de programacao - mo
[2026-03-12] #0002  Reviewed setup instructions  // chore: inicializa modulo 03 - estruturas de controle
[2026-03-12] #0003  Improved variable naming  // chore: adiciona gitignore e estrutura de pastas mod03
[2026-03-12] #0004  Added input validation  // style: padroniza emojis numerados nos arquivos js do mo
[2026-03-12] #0005  Added type hints  // feat: cria base do arquivo estruturas condicionais js
[2026-03-12] #0006  Cleaned up unused imports  // refactor: extrai constante TIPOS_POKEMON para reuso
[2026-03-12] #0007  Simplified loop with list comprehension  // feat: adiciona variaveis de nivel e nome do pokemon
[2026-03-12] #0008  Added input validation  // docs: adiciona enunciado comentado no topo do switch ca
[2026-03-12] #0009  Simplified loop with list comprehension  // feat: implementa if else para classificacao de nivel
[2026-03-12] #0010  Reviewed setup instructions  // fix: corrige mensagem de saida no loop do-while
[2026-03-12] #0011  Added edge-case handling  // feat: adiciona verificacao de tipo do pokemon com if el
[2026-03-12] #0012  Reviewed setup instructions  // test: adiciona caso de teste para nivel lendario
[2026-03-12] #0013  Improved variable naming  // refactor: renomeia variaveis para snake_case consistent
[2026-03-12] #0014  Centralised constants  // style: alinha comentarios das constantes de xp
[2026-03-12] #0015  Simplified loop with list comprehension  // fix: corrige condicao de nivel lendario de 50 para 51
[2026-03-12] #0016  Simplified loop with list comprehension  // refactor: usa f-string em vez de concatenacao no classi
[2026-03-12] #0017  Reorganised folder structure  // docs: adiciona comentarios explicativos no if else
[2026-03-12] #0018  Added early-return pattern  // docs: melhora descricao das funcoes no README mod03
[2026-03-12] #0019  Optimised query performance  // style: padroniza espacamento e separadores no arquivo j
[2026-03-12] #0020  Extracted helper function  // chore: remove arquivo temporario de testes do mod03
[2026-03-12] #0021  Added early-return pattern  // feat: cria arquivo switch case selecao de personagem
[2026-03-12] #0022  Added input validation  // fix: corrige indentacao no bloco else do classificador
[2026-03-12] #0023  Optimised query performance  // feat: adiciona cases 1 a 4 para tipos de personagem
[2026-03-12] #0024  Added type hints  // style: padroniza comprimento dos separadores visuais
